Arguments: 
  C:\Program Files\nodejs\node.exe C:\Users\virajk\AppData\Roaming\npm\node_modules\yarn\bin\yarn.js init

PATH: 
  C:\Program Files\Amazon Corretto\jdk11.0.13_8\bin;C:\Program Files (x86)\Common Files\Oracle\Java\javapath;C:\Windows\system32;C:\Windows;C:\Windows\System32\Wbem;C:\Windows\System32\WindowsPowerShell\v1.0\;C:\Windows\System32\OpenSSH\;C:\Program Files\Git\cmd;C:\Users\virajk\AppData\Roaming\nvm;C:\Program Files\nodejs;C:\Program Files\Docker\Docker\resources\bin;C:\ProgramData\DockerDesktop\version-bin;C:\Program Files\Go\bin;C:\src\apache-maven-3.8.1\bin;C:\Users\virajk\AppData\Local\JetBrains\Toolbox\apps\WebStorm\ch-0\211.7442.26\bin;C:\Users\virajk\AppData\Local\Microsoft\WindowsApps;C:\Users\virajk\AppData\Roaming\npm;C:\Users\virajk\AppData\Roaming\nvm;C:\Program Files\nodejs;C:\Users\virajk\AppData\Local\Programs\Microsoft VS Code\bin;C:\Users\virajk\go\bin

Yarn version: 
  1.22.10

Node version: 
  10.18.0

Platform: 
  win32 x64

Trace: 
  Error: canceled
      at Interface.<anonymous> (C:\Users\virajk\AppData\Roaming\npm\node_modules\yarn\lib\cli.js:136216:13)
      at Interface.emit (events.js:198:13)
      at Interface._ttyWrite (readline.js:801:16)
      at ReadStream.onkeypress (readline.js:184:10)
      at ReadStream.emit (events.js:198:13)
      at emitKeys (internal/readline.js:424:14)
      at emitKeys.next (<anonymous>)
      at ReadStream.onData (readline.js:1073:36)
      at ReadStream.emit (events.js:198:13)
      at addChunk (_stream_readable.js:287:12)

npm manifest: 
  No manifest

yarn manifest: 
  No manifest

Lockfile: 
  No lockfile
